# JRE version: OpenJDK Runtime Environment (8.0_242-b01) (build 1.8.0_242-release-1644-b01)
# Java VM: OpenJDK 64-Bit Server VM (25.242-b01 mixed mode windows-amd64 compressed oops)
Heap:
 PSYoungGen      total 191488K, used 117111K [0x00000000d5580000, 0x00000000e4480000, 0x0000000100000000)
  eden space 165376K, 55% used [0x00000000d5580000,0x00000000dae60480,0x00000000df700000)
  from space 26112K, 99% used [0x00000000df700000,0x00000000e107da08,0x00000000e1080000)
  to   space 30720K, 0% used [0x00000000e2680000,0x00000000e2680000,0x00000000e4480000)
 ParOldGen       total 132608K, used 54610K [0x0000000080000000, 0x0000000088180000, 0x00000000d5580000)
  object space 132608K, 41% used [0x0000000080000000,0x0000000083554848,0x0000000088180000)
 Metaspace       used 84076K, capacity 88165K, committed 88472K, reserved 1126400K
  class space    used 11116K, capacity 11871K, committed 11936K, reserved 1048576K
GC Heap History (10 events):
Event: 32.830 GC heap before
{Heap before GC invocations=20 (full 3):
 PSYoungGen      total 151040K, used 146504K [0x00000000d5580000, 0x00000000dfc00000, 0x0000000100000000)
  eden space 134656K, 100% used [0x00000000d5580000,0x00000000dd900000,0x00000000dd900000)
  from space 16384K, 72% used [0x00000000dec00000,0x00000000df792140,0x00000000dfc00000)
  to   space 17920K, 0% used [0x00000000dd900000,0x00000000dd900000,0x00000000dea80000)
 ParOldGen       total 132608K, used 34478K [0x0000000080000000, 0x0000000088180000, 0x00000000d5580000)
  object space 132608K, 25% used [0x0000000080000000,0x00000000821ab848,0x0000000088180000)
 Metaspace       used 67354K, capacity 70897K, committed 71192K, reserved 1110016K
  class space    used 9275K, capacity 9932K, committed 10016K, reserved 1048576K
Event: 32.849 GC heap after
Heap after GC invocations=20 (full 3):
 PSYoungGen      total 152576K, used 17893K [0x00000000d5580000, 0x00000000e1080000, 0x0000000100000000)
  eden space 134656K, 0% used [0x00000000d5580000,0x00000000d5580000,0x00000000dd900000)
  from space 17920K, 99% used [0x00000000dd900000,0x00000000dea796a0,0x00000000dea80000)
  to   space 20480K, 0% used [0x00000000dfc80000,0x00000000dfc80000,0x00000000e1080000)
 ParOldGen       total 132608K, used 34510K [0x0000000080000000, 0x0000000088180000, 0x00000000d5580000)
  object space 132608K, 26% used [0x0000000080000000,0x00000000821b3848,0x0000000088180000)
 Metaspace       used 67354K, capacity 70897K, committed 71192K, reserved 1110016K
  class space    used 9275K, capacity 9932K, committed 10016K, reserved 1048576K
}
Event: 34.658 GC heap before
{Heap before GC invocations=21 (full 3):
 PSYoungGen      total 152576K, used 152549K [0x00000000d5580000, 0x00000000e1080000, 0x0000000100000000)
  eden space 134656K, 100% used [0x00000000d5580000,0x00000000dd900000,0x00000000dd900000)
  from space 17920K, 99% used [0x00000000dd900000,0x00000000dea796a0,0x00000000dea80000)
  to   space 20480K, 0% used [0x00000000dfc80000,0x00000000dfc80000,0x00000000e1080000)
 ParOldGen       total 132608K, used 34510K [0x0000000080000000, 0x0000000088180000, 0x00000000d5580000)
  object space 132608K, 26% used [0x0000000080000000,0x00000000821b3848,0x0000000088180000)
 Metaspace       used 71961K, capacity 75631K, committed 75800K, reserved 1114112K
  class space    used 9814K, capacity 10493K, committed 10528K, reserved 1048576K
Event: 34.679 GC heap after
Heap after GC invocations=21 (full 3):
 PSYoungGen      total 166912K, used 20459K [0x00000000d5580000, 0x00000000e1b00000, 0x0000000100000000)
  eden space 146432K, 0% used [0x00000000d5580000,0x00000000d5580000,0x00000000de480000)
  from space 20480K, 99% used [0x00000000dfc80000,0x00000000e107afa0,0x00000000e1080000)
  to   space 24576K, 0% used [0x00000000de480000,0x00000000de480000,0x00000000dfc80000)
 ParOldGen       total 132608K, used 36697K [0x0000000080000000, 0x0000000088180000, 0x00000000d5580000)
  object space 132608K, 27% used [0x0000000080000000,0x00000000823d6560,0x0000000088180000)
 Metaspace       used 71961K, capacity 75631K, committed 75800K, reserved 1114112K
  class space    used 9814K, capacity 10493K, committed 10528K, reserved 1048576K
}
Event: 35.633 GC heap before
{Heap before GC invocations=22 (full 3):
 PSYoungGen      total 166912K, used 166891K [0x00000000d5580000, 0x00000000e1b00000, 0x0000000100000000)
  eden space 146432K, 100% used [0x00000000d5580000,0x00000000de480000,0x00000000de480000)
  from space 20480K, 99% used [0x00000000dfc80000,0x00000000e107afa0,0x00000000e1080000)
  to   space 24576K, 0% used [0x00000000de480000,0x00000000de480000,0x00000000dfc80000)
 ParOldGen       total 132608K, used 36697K [0x0000000080000000, 0x0000000088180000, 0x00000000d5580000)
  object space 132608K, 27% used [0x0000000080000000,0x00000000823d6560,0x0000000088180000)
 Metaspace       used 73129K, capacity 76903K, committed 76952K, reserved 1116160K
  class space    used 9965K, capacity 10629K, committed 10656K, reserved 1048576K
Event: 35.647 GC heap after
Heap after GC invocations=22 (full 3):
 PSYoungGen      total 171008K, used 12173K [0x00000000d5580000, 0x00000000e2880000, 0x0000000100000000)
  eden space 146432K, 0% used [0x00000000d5580000,0x00000000d5580000,0x00000000de480000)
  from space 24576K, 49% used [0x00000000de480000,0x00000000df0635b0,0x00000000dfc80000)
  to   space 23552K, 0% used [0x00000000e1180000,0x00000000e1180000,0x00000000e2880000)
 ParOldGen       total 132608K, used 52193K [0x0000000080000000, 0x0000000088180000, 0x00000000d5580000)
  object space 132608K, 39% used [0x0000000080000000,0x00000000832f8530,0x0000000088180000)
 Metaspace       used 73129K, capacity 76903K, committed 76952K, reserved 1116160K
  class space    used 9965K, capacity 10629K, committed 10656K, reserved 1048576K
}
Event: 49.377 GC heap before
{Heap before GC invocations=23 (full 3):
 PSYoungGen      total 171008K, used 158605K [0x00000000d5580000, 0x00000000e2880000, 0x0000000100000000)
  eden space 146432K, 100% used [0x00000000d5580000,0x00000000de480000,0x00000000de480000)
  from space 24576K, 49% used [0x00000000de480000,0x00000000df0635b0,0x00000000dfc80000)
  to   space 23552K, 0% used [0x00000000e1180000,0x00000000e1180000,0x00000000e2880000)
 ParOldGen       total 132608K, used 52193K [0x0000000080000000, 0x0000000088180000, 0x00000000d5580000)
  object space 132608K, 39% used [0x0000000080000000,0x00000000832f8530,0x0000000088180000)
 Metaspace       used 77761K, capacity 81597K, committed 81944K, reserved 1120256K
  class space    used 10520K, capacity 11202K, committed 11296K, reserved 1048576K
Event: 49.395 GC heap after
Heap after GC invocations=23 (full 3):
 PSYoungGen      total 188928K, used 20260K [0x00000000d5580000, 0x00000000e2a00000, 0x0000000100000000)
  eden space 165376K, 0% used [0x00000000d5580000,0x00000000d5580000,0x00000000df700000)
  from space 23552K, 86% used [0x00000000e1180000,0x00000000e25493f0,0x00000000e2880000)
  to   space 26112K, 0% used [0x00000000df700000,0x00000000df700000,0x00000000e1080000)
 ParOldGen       total 132608K, used 52201K [0x0000000080000000, 0x0000000088180000, 0x00000000d5580000)
  object space 132608K, 39% used [0x0000000080000000,0x00000000832fa530,0x0000000088180000)
 Metaspace       used 77761K, capacity 81597K, committed 81944K, reserved 1120256K
  class space    used 10520K, capacity 11202K, committed 11296K, reserved 1048576K
}
Event: 142.707 GC heap before
{Heap before GC invocations=24 (full 3):
 PSYoungGen      total 188928K, used 185636K [0x00000000d5580000, 0x00000000e2a00000, 0x0000000100000000)
  eden space 165376K, 100% used [0x00000000d5580000,0x00000000df700000,0x00000000df700000)
  from space 23552K, 86% used [0x00000000e1180000,0x00000000e25493f0,0x00000000e2880000)
  to   space 26112K, 0% used [0x00000000df700000,0x00000000df700000,0x00000000e1080000)
 ParOldGen       total 132608K, used 52201K [0x0000000080000000, 0x0000000088180000, 0x00000000d5580000)
  object space 132608K, 39% used [0x0000000080000000,0x00000000832fa530,0x0000000088180000)
 Metaspace       used 83988K, capacity 88153K, committed 88472K, reserved 1126400K
  class space    used 11115K, capacity 11869K, committed 11936K, reserved 1048576K
Event: 142.726 GC heap after
Heap after GC invocations=24 (full 3):
 PSYoungGen      total 191488K, used 26102K [0x00000000d5580000, 0x00000000e4480000, 0x0000000100000000)
  eden space 165376K, 0% used [0x00000000d5580000,0x00000000d5580000,0x00000000df700000)
  from space 26112K, 99% used [0x00000000df700000,0x00000000e107da08,0x00000000e1080000)
  to   space 30720K, 0% used [0x00000000e2680000,0x00000000e2680000,0x00000000e4480000)
 ParOldGen       total 132608K, used 54610K [0x0000000080000000, 0x0000000088180000, 0x00000000d5580000)
  object space 132608K, 41% used [0x0000000080000000,0x0000000083554848,0x0000000088180000)
 Metaspace       used 83988K, capacity 88153K, committed 88472K, reserved 1126400K
  class space    used 11115K, capacity 11869K, committed 11936K, reserved 1048576K
}

